[0mGET /all [32m200[0m 1.647 ms - 3[0m
[0mGET /all [32m200[0m 0.345 ms - 3[0m
[0mGET /all [32m200[0m 0.207 ms - 3[0m
[0mGET /all [32m200[0m 0.239 ms - 3[0m
[0mGET /all [32m200[0m 0.187 ms - 3[0m
[0mGET /all [32m200[0m 0.173 ms - 3[0m
[0mGET /all [32m200[0m 0.188 ms - 3[0m
[0mGET /all [32m200[0m 0.341 ms - 3[0m
[0mGET /all [32m200[0m 0.244 ms - 3[0m
[0mGET /post?name=brian&email=brian@gmail.com&msg=1234 [31m500[0m 228.263 ms - 1386[0m
[0mPOST /post?name=brian&email=brian@gmail.com&msg=1234 [31m500[0m 92.049 ms - 1386[0m
[0mPOST /post?name=brian&email=brian@gmail.com&msg=1234 [31m500[0m 86.121 ms - 1386[0m
[0mPOST /post?name=brian&email=brian@gmail.com&msg=1234 [31m500[0m 261.576 ms - 1386[0m
[0mPOST /post?name=brian&email=brian@gmail.com&msg=1234 [0m-[0m - ms - -[0m
[0mGET / [36m304[0m 1.716 ms - -[0m
[0mGET / [36m304[0m 1.608 ms - -[0m
[0mGET / [36m304[0m 1.710 ms - -[0m
[0mGET / [36m304[0m 1.288 ms - -[0m
[0mGET / [36m304[0m 1.523 ms - -[0m
[0mGET / [36m304[0m 1.624 ms - -[0m
[0mGET / [32m200[0m 1.550 ms - 11[0m
[0mGET /favicon.ico [33m404[0m 1.145 ms - 150[0m
[0mGET / [32m200[0m 3.879 ms - -[0m
[0mGET / [31m500[0m 4.771 ms - 1441[0m
[0mGET / [31m500[0m 0.544 ms - 1441[0m
[0mGET / [31m500[0m 0.823 ms - 1441[0m
[0mGET / [32m200[0m 4.667 ms - 11[0m
[0mGET / [36m304[0m 0.468 ms - -[0m
[0mGET / [36m304[0m 0.211 ms - -[0m
[0mGET / [36m304[0m 0.290 ms - -[0m
[0mGET / [36m304[0m 4.353 ms - -[0m
[0mGET / [36m304[0m 4.585 ms - -[0m
[0mGET / [36m304[0m 4.703 ms - -[0m
[0mGET / [32m200[0m 4.595 ms - -[0m
[0mGET /favicon.ico [33m404[0m 1.080 ms - 150[0m
[0mGET / [32m200[0m 3.800 ms - -[0m
[0mGET /favicon.ico [33m404[0m 1.094 ms - 150[0m
[0mGET / [32m200[0m 0.333 ms - -[0m
[0mGET / [32m200[0m 0.104 ms - -[0m
[0mGET / [31m500[0m 5.373 ms - 1340[0m
[0mGET / [31m500[0m 4.902 ms - 1340[0m
[0mGET / [0m-[0m - ms - -[0m
[0mGET / [0m-[0m - ms - -[0m
[0mGET / [32m200[0m 3.403 ms - -[0m
[0mGET / [32m200[0m 3.647 ms - -[0m
[0mGET / [32m200[0m 0.087 ms - -[0m
[0mGET / [32m200[0m 0.092 ms - -[0m
[0mGET / [32m200[0m 0.082 ms - -[0m
[0mGET / [32m200[0m 0.113 ms - -[0m
[0mGET / [32m200[0m 0.092 ms - -[0m
[0mGET / [32m200[0m 0.096 ms - -[0m
[0mGET / [32m200[0m 0.138 ms - -[0m
[0mGET / [32m200[0m 0.119 ms - -[0m
[0mGET / [32m200[0m 0.105 ms - -[0m
[0mGET / [32m200[0m 0.132 ms - -[0m
[0mGET / [31m500[0m 5.178 ms - 1340[0m
[0mGET / [32m200[0m 4.222 ms - -[0m
[0mGET / [32m200[0m 3.685 ms - -[0m
[0mGET / [32m200[0m 0.112 ms - -[0m
[0mGET / [32m200[0m 0.090 ms - -[0m
[0mGET / [32m200[0m 0.104 ms - -[0m
[0mGET / [32m200[0m 0.149 ms - -[0m
[0mGET / [32m200[0m 0.091 ms - -[0m
[0mGET / [32m200[0m 3.382 ms - -[0m
[0mGET / [0m-[0m - ms - -[0m
[0mGET / [0m-[0m - ms - -[0m
[0mGET / [0m-[0m - ms - -[0m
[0mGET / [0m-[0m - ms - -[0m
[0mGET / [0m-[0m - ms - -[0m
[0mGET / [0m-[0m - ms - -[0m
[0mGET / [0m-[0m - ms - -[0m
[0mGET / [0m-[0m - ms - -[0m
[0mGET / [0m-[0m - ms - -[0m
[0mGET / [0m-[0m - ms - -[0m
[0mGET / [0m-[0m - ms - -[0m
[0mGET / [0m-[0m - ms - -[0m
[0mGET / [0m-[0m - ms - -[0m
[0mGET / [0m-[0m - ms - -[0m
[0mGET / [0m-[0m - ms - -[0m
[0mGET / [31m500[0m 2.108 ms - 1416[0m
[0mGET / [31m500[0m 4.989 ms - 1439[0m
[0mGET / [31m500[0m 0.633 ms - 1439[0m
[0mGET / [32m200[0m 3.650 ms - -[0m
[0mGET / [31m500[0m 1.976 ms - 1415[0m
[0mGET / [31m500[0m 0.333 ms - 1415[0m
[0mGET / [0m-[0m - ms - -[0m
[0mGET / [31m500[0m 4.707 ms - 1435[0m
[0mGET / [0m-[0m - ms - -[0m
[0mGET / [32m200[0m 936.493 ms - 1655[0m
[0mGET / [32m200[0m 962.753 ms - 127[0m
[0mGET / [32m200[0m 228.272 ms - 175[0m
[0mPOST /post?name=brain&mail=brian@gmail.com [0m-[0m - ms - -[0m
[0mGET / [32m200[0m 212.191 ms - 237[0m
[0mPOST /post?name=brian&email=brian@gmail.com&msg=124 [0m-[0m - ms - -[0m
[0mPOST /post?name=brian&email=brian@gmail.com&msg=124 [0m-[0m - ms - -[0m
[0mPOST / [33m404[0m 1.077 ms - 140[0m
[0mGET / [32m200[0m 905.453 ms - 485[0m
[0mGET / [36m304[0m 969.238 ms - -[0m
[0mGET / [36m304[0m 935.808 ms - -[0m
[0mGET / [36m304[0m 944.389 ms - -[0m
[0mGET / [36m304[0m 871.618 ms - -[0m
[0mGET / [36m304[0m 937.833 ms - -[0m
[0mGET / [36m304[0m 989.048 ms - -[0m
[0mGET / [36m304[0m 953.075 ms - -[0m
[0mGET / [36m304[0m 919.243 ms - -[0m
[0mGET / [0m-[0m - ms - -[0m
[0mGET / [36m304[0m 219.253 ms - -[0m
[0mGET / [36m304[0m 973.201 ms - -[0m
[0mGET / [36m304[0m 1175.415 ms - -[0m
[0mGET / [36m304[0m 903.438 ms - -[0m
[0mGET / [32m200[0m 910.005 ms - 485[0m
[0mGET / [36m304[0m 975.688 ms - -[0m
[0mGET / [32m200[0m 933.415 ms - 485[0m
[0mGET / [32m200[0m 960.203 ms - 485[0m
[0mGET / [32m200[0m 228.960 ms - 485[0m
[0mGET / [32m200[0m 226.827 ms - 485[0m
[0mGET / [32m200[0m 226.588 ms - 485[0m
[0mGET / [32m200[0m 226.778 ms - 485[0m
[0mGET / [32m200[0m 220.206 ms - 485[0m
[0mGET / [32m200[0m 226.697 ms - 485[0m
[0mGET / [32m200[0m 226.840 ms - 485[0m
[0mGET / [32m200[0m 226.611 ms - 485[0m
[0mGET / [32m200[0m 220.133 ms - 485[0m
[0mGET / [32m200[0m 226.753 ms - 485[0m
[0mGET / [32m200[0m 226.888 ms - 485[0m
[0mGET / [32m200[0m 226.638 ms - 485[0m
[0mGET / [32m200[0m 220.145 ms - 485[0m
[0mGET / [32m200[0m 226.415 ms - 485[0m
[0mGET / [32m200[0m 226.564 ms - 485[0m
[0mGET / [32m200[0m 226.934 ms - 485[0m
[0mGET / [32m200[0m 220.102 ms - 485[0m
[0mGET / [32m200[0m 226.527 ms - 485[0m
[0mGET / [32m200[0m 226.429 ms - 485[0m
[0mGET / [32m200[0m 226.465 ms - 485[0m
[0mGET / [32m200[0m 220.169 ms - 485[0m
[0mGET / [32m200[0m 226.586 ms - 485[0m
[0mGET / [32m200[0m 226.721 ms - 485[0m
[0mGET / [32m200[0m 226.837 ms - 485[0m
[0mGET / [32m200[0m 220.599 ms - 485[0m
[0mGET / [32m200[0m 226.873 ms - 485[0m
[0mGET / [32m200[0m 226.156 ms - 485[0m
[0mGET / [32m200[0m 226.743 ms - 485[0m
[0mGET / [32m200[0m 220.071 ms - 485[0m
[0mGET / [32m200[0m 226.659 ms - 485[0m
[0mGET / [32m200[0m 226.466 ms - 485[0m
[0mGET / [32m200[0m 226.797 ms - 485[0m
[0mGET / [32m200[0m 220.102 ms - 485[0m
[0mGET / [32m200[0m 226.672 ms - 485[0m
[0mGET / [32m200[0m 226.452 ms - 485[0m
[0mGET / [32m200[0m 226.212 ms - 485[0m
[0mGET / [32m200[0m 220.091 ms - 485[0m
[0mGET / [32m200[0m 226.653 ms - 485[0m
[0mGET / [32m200[0m 226.212 ms - 485[0m
[0mGET / [32m200[0m 226.522 ms - 485[0m
[0mGET / [32m200[0m 220.135 ms - 485[0m
[0mGET / [32m200[0m 226.655 ms - 485[0m
[0mGET / [32m200[0m 226.327 ms - 485[0m
[0mGET / [32m200[0m 226.754 ms - 485[0m
[0mGET / [32m200[0m 221.489 ms - 485[0m
[0mGET / [32m200[0m 226.568 ms - 485[0m
[0mGET / [32m200[0m 226.761 ms - 485[0m
[0mGET / [32m200[0m 226.679 ms - 485[0m
[0mGET / [32m200[0m 220.139 ms - 485[0m
[0mGET / [32m200[0m 226.451 ms - 485[0m
[0mGET / [32m200[0m 226.552 ms - 485[0m
[0mGET / [32m200[0m 226.634 ms - 485[0m
[0mGET / [32m200[0m 220.422 ms - 485[0m
[0mGET / [32m200[0m 226.514 ms - 485[0m
[0mGET / [32m200[0m 226.438 ms - 485[0m
[0mGET / [32m200[0m 226.608 ms - 485[0m
[0mGET / [32m200[0m 222.448 ms - 485[0m
[0mGET / [32m200[0m 227.582 ms - 485[0m
[0mGET / [32m200[0m 229.081 ms - 485[0m
[0mGET / [32m200[0m 229.124 ms - 485[0m
[0mGET / [32m200[0m 220.136 ms - 485[0m
[0mGET / [32m200[0m 226.507 ms - 485[0m
[0mGET / [32m200[0m 227.332 ms - 485[0m
[0mGET / [32m200[0m 227.470 ms - 485[0m
[0mGET / [32m200[0m 220.183 ms - 485[0m
[0mGET / [32m200[0m 226.670 ms - 485[0m
[0mGET / [32m200[0m 226.436 ms - 485[0m
[0mGET / [32m200[0m 227.077 ms - 485[0m
[0mGET / [32m200[0m 220.110 ms - 485[0m
[0mGET / [32m200[0m 226.509 ms - 485[0m
[0mGET / [32m200[0m 226.495 ms - 485[0m
[0mGET / [32m200[0m 226.605 ms - 485[0m
[0mGET / [32m200[0m 220.300 ms - 485[0m
[0mGET / [32m200[0m 226.642 ms - 485[0m
[0mGET / [32m200[0m 226.375 ms - 485[0m
[0mGET / [32m200[0m 226.847 ms - 485[0m
[0mGET / [32m200[0m 220.140 ms - 485[0m
[0mGET / [32m200[0m 226.685 ms - 485[0m
[0mGET / [32m200[0m 226.905 ms - 485[0m
[0mGET / [32m200[0m 226.866 ms - 485[0m
[0mGET / [32m200[0m 220.300 ms - 485[0m
[0mGET / [32m200[0m 227.143 ms - 485[0m
[0mGET / [32m200[0m 226.351 ms - 485[0m
[0mGET / [32m200[0m 226.447 ms - 485[0m
[0mGET / [32m200[0m 220.048 ms - 485[0m
[0mGET / [32m200[0m 226.547 ms - 485[0m
[0mGET / [32m200[0m 226.732 ms - 485[0m
[0mGET / [32m200[0m 226.850 ms - 485[0m
[0mGET / [32m200[0m 220.169 ms - 485[0m
[0mGET / [32m200[0m 226.530 ms - 485[0m
[0mGET / [32m200[0m 226.341 ms - 485[0m
[0mGET / [36m304[0m 227.261 ms - -[0m
[0mGET / [32m200[0m 220.179 ms - 485[0m
[0mGET / [32m200[0m 226.508 ms - 485[0m
[0mGET / [32m200[0m 226.398 ms - 485[0m
[0mGET / [32m200[0m 226.434 ms - 485[0m
[0mGET / [32m200[0m 222.088 ms - 485[0m
[0mGET / [32m200[0m 226.457 ms - 485[0m
[0mGET / [32m200[0m 226.360 ms - 485[0m
[0mGET / [32m200[0m 226.422 ms - 485[0m
[0mGET / [32m200[0m 220.201 ms - 485[0m
[0mGET / [32m200[0m 226.668 ms - 485[0m
[0mGET / [32m200[0m 226.367 ms - 485[0m
[0mGET / [32m200[0m 226.413 ms - 485[0m
[0mGET / [32m200[0m 220.261 ms - 485[0m
[0mGET / [32m200[0m 226.479 ms - 485[0m
[0mGET / [32m200[0m 226.285 ms - 485[0m
[0mGET / [32m200[0m 226.493 ms - 485[0m
[0mGET / [32m200[0m 220.120 ms - 485[0m
[0mGET / [32m200[0m 226.578 ms - 485[0m
[0mGET / [32m200[0m 226.262 ms - 485[0m
[0mGET / [32m200[0m 226.349 ms - 485[0m
[0mGET / [32m200[0m 220.034 ms - 485[0m
[0mGET / [32m200[0m 226.690 ms - 485[0m
[0mGET / [32m200[0m 226.368 ms - 485[0m
[0mGET / [32m200[0m 226.560 ms - 485[0m
[0mGET / [32m200[0m 220.068 ms - 485[0m
[0mGET / [32m200[0m 226.689 ms - 485[0m
[0mGET / [32m200[0m 219.954 ms - 485[0m
[0mGET / [32m200[0m 226.399 ms - 485[0m
[0mGET / [32m200[0m 226.723 ms - 485[0m
[0mGET / [32m200[0m 220.140 ms - 485[0m
[0mGET / [32m200[0m 226.526 ms - 485[0m
[0mGET / [32m200[0m 226.172 ms - 485[0m
[0mGET / [32m200[0m 227.468 ms - 485[0m
[0mGET / [32m200[0m 226.563 ms - 485[0m
[0mGET / [32m200[0m 226.239 ms - 485[0m
[0mGET / [32m200[0m 226.495 ms - 485[0m
[0mGET / [32m200[0m 226.466 ms - 485[0m
[0mGET / [32m200[0m 226.182 ms - 485[0m
[0mGET / [32m200[0m 226.655 ms - 485[0m
[0mGET / [32m200[0m 659.747 ms - 485[0m
[0mGET / [32m200[0m 226.686 ms - 485[0m
[0mGET / [32m200[0m 226.342 ms - 485[0m
[0mGET / [32m200[0m 226.500 ms - 485[0m
[0mGET / [32m200[0m 220.114 ms - 485[0m
[0mGET / [32m200[0m 227.396 ms - 485[0m
[0mGET / [32m200[0m 226.193 ms - 485[0m
[0mGET / [32m200[0m 226.778 ms - 485[0m
[0mGET / [32m200[0m 222.723 ms - 485[0m
[0mGET / [32m200[0m 233.162 ms - 485[0m
[0mGET / [32m200[0m 232.963 ms - 485[0m
[0mGET / [32m200[0m 233.048 ms - 485[0m
[0mGET / [32m200[0m 220.123 ms - 485[0m
[0mGET / [32m200[0m 226.649 ms - 485[0m
[0mGET / [32m200[0m 226.744 ms - 485[0m
[0mGET / [32m200[0m 226.528 ms - 485[0m
[0mGET / [32m200[0m 220.129 ms - 485[0m
[0mGET / [32m200[0m 226.472 ms - 485[0m
[0mGET / [32m200[0m 226.332 ms - 485[0m
[0mGET / [32m200[0m 227.667 ms - 485[0m
[0mGET / [32m200[0m 220.054 ms - 485[0m
[0mGET / [32m200[0m 226.630 ms - 485[0m
[0mGET / [32m200[0m 226.455 ms - 485[0m
[0mGET / [32m200[0m 226.484 ms - 485[0m
[0mGET / [32m200[0m 220.337 ms - 485[0m
[0mGET / [32m200[0m 226.482 ms - 485[0m
[0mGET / [32m200[0m 226.810 ms - 485[0m
[0mGET / [32m200[0m 226.433 ms - 485[0m
[0mGET / [32m200[0m 220.098 ms - 485[0m
[0mGET / [32m200[0m 226.467 ms - 485[0m
[0mGET / [32m200[0m 226.611 ms - 485[0m
[0mGET / [32m200[0m 226.423 ms - 485[0m
[0mGET / [32m200[0m 220.143 ms - 485[0m
[0mGET / [32m200[0m 226.551 ms - 485[0m
[0mGET / [32m200[0m 227.142 ms - 485[0m
[0mGET / [32m200[0m 226.456 ms - 485[0m
[0mGET / [32m200[0m 220.101 ms - 485[0m
[0mGET / [32m200[0m 226.468 ms - 485[0m
[0mGET / [32m200[0m 226.531 ms - 485[0m
[0mGET / [32m200[0m 226.876 ms - 485[0m
[0mGET / [32m200[0m 220.252 ms - 485[0m
[0mGET / [32m200[0m 226.404 ms - 485[0m
[0mGET / [32m200[0m 227.457 ms - 485[0m
[0mGET / [32m200[0m 226.421 ms - 485[0m
[0mGET / [32m200[0m 220.110 ms - 485[0m
[0mGET / [32m200[0m 226.904 ms - 485[0m
[0mGET / [32m200[0m 226.338 ms - 485[0m
[0mGET / [32m200[0m 226.432 ms - 485[0m
[0mGET / [32m200[0m 220.035 ms - 485[0m
[0mGET / [32m200[0m 226.537 ms - 485[0m
[0mGET / [32m200[0m 226.395 ms - 485[0m
[0mGET / [32m200[0m 226.501 ms - 485[0m
[0mGET / [32m200[0m 220.240 ms - 485[0m
[0mGET / [32m200[0m 226.349 ms - 485[0m
[0mGET / [32m200[0m 226.593 ms - 485[0m
[0mGET / [32m200[0m 226.474 ms - 485[0m
[0mGET / [32m200[0m 220.600 ms - 485[0m
[0mGET / [32m200[0m 226.399 ms - 485[0m
[0mGET / [32m200[0m 226.459 ms - 485[0m
[0mGET / [32m200[0m 226.327 ms - 485[0m
[0mGET / [32m200[0m 220.085 ms - 485[0m
[0mGET / [32m200[0m 226.362 ms - 485[0m
[0mGET / [32m200[0m 226.474 ms - 485[0m
[0mGET / [32m200[0m 226.359 ms - 485[0m
[0mGET / [32m200[0m 220.145 ms - 485[0m
[0mGET / [32m200[0m 226.499 ms - 485[0m
[0mGET / [32m200[0m 226.636 ms - 485[0m
[0mGET / [32m200[0m 226.628 ms - 485[0m
[0mGET / [32m200[0m 220.172 ms - 485[0m
[0mGET / [32m200[0m 226.413 ms - 485[0m
[0mGET / [32m200[0m 226.625 ms - 485[0m
[0mGET / [32m200[0m 229.006 ms - 485[0m
[0mGET / [32m200[0m 220.365 ms - 485[0m
[0mGET / [32m200[0m 226.488 ms - 485[0m
[0mGET / [32m200[0m 226.409 ms - 485[0m
[0mGET / [32m200[0m 226.524 ms - 485[0m
[0mGET / [32m200[0m 220.007 ms - 485[0m
[0mGET / [32m200[0m 226.541 ms - 485[0m
[0mGET / [32m200[0m 226.584 ms - 485[0m
[0mGET / [32m200[0m 226.691 ms - 485[0m
[0mGET / [32m200[0m 220.007 ms - 485[0m
[0mGET / [32m200[0m 226.458 ms - 485[0m
[0mGET / [32m200[0m 226.297 ms - 485[0m
[0mGET / [32m200[0m 226.372 ms - 485[0m
[0mGET / [32m200[0m 220.076 ms - 485[0m
[0mGET / [32m200[0m 226.990 ms - 485[0m
[0mGET / [32m200[0m 227.417 ms - 485[0m
[0mGET / [32m200[0m 228.894 ms - 485[0m
[0mGET / [32m200[0m 220.088 ms - 485[0m
[0mGET / [32m200[0m 226.386 ms - 485[0m
[0mGET / [32m200[0m 226.505 ms - 485[0m
[0mGET / [32m200[0m 226.448 ms - 485[0m
[0mGET / [32m200[0m 219.997 ms - 485[0m
[0mGET / [32m200[0m 226.355 ms - 485[0m
[0mGET / [32m200[0m 226.375 ms - 485[0m
[0mGET / [32m200[0m 226.535 ms - 485[0m
[0mGET / [32m200[0m 220.037 ms - 485[0m
[0mGET / [32m200[0m 227.232 ms - 485[0m
[0mGET / [32m200[0m 226.589 ms - 485[0m
[0mGET / [32m200[0m 226.367 ms - 485[0m
[0mGET / [32m200[0m 220.109 ms - 485[0m
[0mGET / [32m200[0m 227.356 ms - 485[0m
[0mGET / [32m200[0m 226.365 ms - 485[0m
[0mGET / [32m200[0m 226.412 ms - 485[0m
[0mGET / [32m200[0m 220.048 ms - 485[0m
[0mGET / [32m200[0m 226.410 ms - 485[0m
[0mGET / [32m200[0m 226.299 ms - 485[0m
[0mGET / [32m200[0m 226.341 ms - 485[0m
[0mGET / [32m200[0m 220.074 ms - 485[0m
[0mGET / [32m200[0m 226.379 ms - 485[0m
[0mGET / [32m200[0m 226.251 ms - 485[0m
[0mGET / [32m200[0m 226.372 ms - 485[0m
[0mGET / [32m200[0m 219.994 ms - 485[0m
[0mGET / [32m200[0m 226.361 ms - 485[0m
[0mGET / [32m200[0m 226.732 ms - 485[0m
[0mGET / [32m200[0m 219.801 ms - 485[0m
[0mGET / [32m200[0m 229.281 ms - 485[0m
[0mGET / [32m200[0m 220.024 ms - 485[0m
[0mGET / [32m200[0m 226.529 ms - 485[0m
[0mGET / [32m200[0m 226.313 ms - 485[0m
[0mGET / [32m200[0m 226.513 ms - 485[0m
[0mGET / [32m200[0m 220.126 ms - 485[0m
[0mGET / [32m200[0m 226.287 ms - 485[0m
[0mGET / [32m200[0m 226.301 ms - 485[0m
[0mGET / [32m200[0m 226.736 ms - 485[0m
[0mGET / [32m200[0m 220.172 ms - 485[0m
[0mGET / [32m200[0m 226.453 ms - 485[0m
[0mGET / [32m200[0m 226.275 ms - 485[0m
[0mGET / [32m200[0m 226.413 ms - 485[0m
[0mGET / [32m200[0m 219.965 ms - 485[0m
[0mGET / [32m200[0m 226.311 ms - 485[0m
[0mGET / [32m200[0m 226.274 ms - 485[0m
[0mGET / [32m200[0m 226.567 ms - 485[0m
[0mGET / [32m200[0m 220.207 ms - 485[0m
[0mGET / [32m200[0m 226.396 ms - 485[0m
[0mGET / [32m200[0m 226.345 ms - 485[0m
[0mGET / [32m200[0m 226.529 ms - 485[0m
[0mGET / [32m200[0m 220.089 ms - 485[0m
[0mGET / [32m200[0m 226.340 ms - 485[0m
[0mGET / [32m200[0m 226.665 ms - 485[0m
[0mGET / [32m200[0m 226.478 ms - 485[0m
[0mGET / [32m200[0m 221.014 ms - 485[0m
[0mGET / [32m200[0m 226.504 ms - 485[0m
[0mGET / [32m200[0m 226.290 ms - 485[0m
[0mGET / [32m200[0m 226.487 ms - 485[0m
[0mGET / [32m200[0m 219.987 ms - 485[0m
[0mGET / [32m200[0m 226.563 ms - 485[0m
[0mGET / [32m200[0m 226.194 ms - 485[0m
[0mGET / [32m200[0m 226.497 ms - 485[0m
[0mGET / [32m200[0m 219.977 ms - 485[0m
[0mGET / [32m200[0m 226.474 ms - 485[0m
[0mGET / [32m200[0m 226.301 ms - 485[0m
[0mGET / [32m200[0m 226.562 ms - 485[0m
[0mGET / [32m200[0m 220.304 ms - 485[0m
[0mGET / [32m200[0m 226.360 ms - 485[0m
[0mGET / [32m200[0m 226.230 ms - 485[0m
[0mGET / [32m200[0m 226.587 ms - 485[0m
[0mGET / [32m200[0m 220.126 ms - 485[0m
[0mGET / [32m200[0m 226.525 ms - 485[0m
[0mGET / [32m200[0m 226.410 ms - 485[0m
[0mGET / [32m200[0m 226.528 ms - 485[0m
[0mGET / [32m200[0m 219.985 ms - 485[0m
[0mGET / [32m200[0m 226.423 ms - 485[0m
[0mGET / [32m200[0m 226.381 ms - 485[0m
[0mGET / [32m200[0m 226.592 ms - 485[0m
[0mGET / [32m200[0m 220.025 ms - 485[0m
[0mGET / [32m200[0m 226.601 ms - 485[0m
[0mGET / [32m200[0m 226.722 ms - 485[0m
[0mGET / [32m200[0m 226.557 ms - 485[0m
[0mGET / [32m200[0m 220.065 ms - 485[0m
[0mGET / [32m200[0m 226.418 ms - 485[0m
[0mGET / [32m200[0m 226.562 ms - 485[0m
[0mGET / [32m200[0m 226.493 ms - 485[0m
[0mGET / [32m200[0m 220.134 ms - 485[0m
[0mGET / [32m200[0m 226.396 ms - 485[0m
[0mGET / [32m200[0m 226.441 ms - 485[0m
[0mGET / [32m200[0m 226.736 ms - 485[0m
[0mGET / [32m200[0m 220.149 ms - 485[0m
[0mGET / [32m200[0m 226.488 ms - 485[0m
[0mGET / [32m200[0m 226.627 ms - 485[0m
[0mGET / [32m200[0m 226.634 ms - 485[0m
[0mGET / [32m200[0m 220.077 ms - 485[0m
[0mGET / [32m200[0m 226.436 ms - 485[0m
[0mGET / [32m200[0m 226.535 ms - 485[0m
[0mGET / [32m200[0m 226.599 ms - 485[0m
[0mGET / [32m200[0m 220.091 ms - 485[0m
[0mGET / [32m200[0m 226.438 ms - 485[0m
[0mGET / [32m200[0m 226.526 ms - 485[0m
[0mGET / [32m200[0m 226.599 ms - 485[0m
[0mGET / [32m200[0m 220.056 ms - 485[0m
[0mGET / [32m200[0m 226.444 ms - 485[0m
[0mGET / [32m200[0m 226.615 ms - 485[0m
[0mGET / [32m200[0m 226.480 ms - 485[0m
[0mGET / [32m200[0m 221.221 ms - 485[0m
[0mGET / [32m200[0m 226.467 ms - 485[0m
[0mGET / [32m200[0m 226.562 ms - 485[0m
[0mGET / [32m200[0m 226.534 ms - 485[0m
[0mGET / [32m200[0m 220.019 ms - 485[0m
[0mGET / [32m200[0m 226.537 ms - 485[0m
[0mGET / [32m200[0m 226.642 ms - 485[0m
[0mGET / [32m200[0m 226.635 ms - 485[0m
[0mGET / [32m200[0m 220.025 ms - 485[0m
[0mGET / [32m200[0m 226.480 ms - 485[0m
[0mGET / [32m200[0m 226.584 ms - 485[0m
[0mGET / [32m200[0m 226.384 ms - 485[0m
[0mGET / [32m200[0m 220.117 ms - 485[0m
[0mGET / [32m200[0m 226.455 ms - 485[0m
[0mGET / [32m200[0m 226.508 ms - 485[0m
[0mGET / [32m200[0m 226.311 ms - 485[0m
[0mGET / [32m200[0m 220.066 ms - 485[0m
[0mGET / [32m200[0m 226.500 ms - 485[0m
[0mGET / [32m200[0m 226.615 ms - 485[0m
[0mGET / [32m200[0m 226.453 ms - 485[0m
[0mGET / [32m200[0m 220.136 ms - 485[0m
[0mGET / [32m200[0m 226.302 ms - 485[0m
[0mGET / [32m200[0m 226.423 ms - 485[0m
[0mGET / [32m200[0m 226.436 ms - 485[0m
[0mGET / [32m200[0m 220.166 ms - 485[0m
[0mGET / [32m200[0m 226.379 ms - 485[0m
[0mGET / [32m200[0m 226.468 ms - 485[0m
[0mGET / [32m200[0m 226.474 ms - 485[0m
[0mGET / [32m200[0m 220.136 ms - 485[0m
[0mGET / [32m200[0m 226.473 ms - 485[0m
[0mGET / [32m200[0m 226.638 ms - 485[0m
[0mGET / [32m200[0m 226.549 ms - 485[0m
[0mGET / [32m200[0m 220.122 ms - 485[0m
[0mGET / [32m200[0m 226.933 ms - 485[0m
[0mGET / [32m200[0m 227.705 ms - 485[0m
[0mGET / [32m200[0m 226.370 ms - 485[0m
[0mGET / [32m200[0m 220.172 ms - 485[0m
[0mGET / [32m200[0m 226.498 ms - 485[0m
[0mGET / [32m200[0m 226.703 ms - 485[0m
[0mGET / [32m200[0m 226.754 ms - 485[0m
[0mGET / [32m200[0m 220.362 ms - 485[0m
[0mGET / [32m200[0m 226.552 ms - 485[0m
[0mGET / [32m200[0m 226.666 ms - 485[0m
[0mGET / [32m200[0m 226.714 ms - 485[0m
[0mGET / [32m200[0m 219.998 ms - 485[0m
[0mGET / [32m200[0m 226.468 ms - 485[0m
[0mGET / [32m200[0m 227.090 ms - 485[0m
[0mGET / [32m200[0m 227.132 ms - 485[0m
[0mGET / [32m200[0m 220.254 ms - 485[0m
[0mGET / [32m200[0m 226.509 ms - 485[0m
[0mGET / [32m200[0m 226.382 ms - 485[0m
[0mGET / [32m200[0m 226.449 ms - 485[0m
[0mGET / [32m200[0m 219.986 ms - 485[0m
[0mGET / [32m200[0m 226.238 ms - 485[0m
[0mGET / [32m200[0m 226.339 ms - 485[0m
[0mGET / [32m200[0m 226.395 ms - 485[0m
[0mGET / [32m200[0m 220.013 ms - 485[0m
[0mGET / [32m200[0m 226.388 ms - 485[0m
[0mGET / [32m200[0m 226.205 ms - 485[0m
[0mGET / [32m200[0m 226.277 ms - 485[0m
[0mGET / [32m200[0m 222.997 ms - 485[0m
[0mGET / [32m200[0m 220.119 ms - 485[0m
[0mGET / [32m200[0m 226.399 ms - 485[0m
[0mGET / [32m200[0m 226.340 ms - 485[0m
[0mGET / [32m200[0m 226.398 ms - 485[0m
[0mGET / [32m200[0m 219.923 ms - 485[0m
[0mGET / [32m200[0m 226.427 ms - 485[0m
[0mGET / [32m200[0m 226.170 ms - 485[0m
[0mGET / [32m200[0m 226.487 ms - 485[0m
[0mGET / [32m200[0m 220.090 ms - 485[0m
[0mGET / [32m200[0m 226.356 ms - 485[0m
[0mGET / [32m200[0m 226.430 ms - 485[0m
[0mGET / [32m200[0m 226.461 ms - 485[0m
[0mGET / [32m200[0m 220.069 ms - 485[0m
[0mGET / [32m200[0m 226.452 ms - 485[0m
[0mGET / [32m200[0m 226.198 ms - 485[0m
[0mGET / [32m200[0m 226.427 ms - 485[0m
[0mGET / [32m200[0m 220.102 ms - 485[0m
[0mGET / [32m200[0m 226.419 ms - 485[0m
[0mGET / [32m200[0m 226.513 ms - 485[0m
[0mGET / [32m200[0m 226.764 ms - 485[0m
[0mGET / [32m200[0m 220.164 ms - 485[0m
[0mGET / [32m200[0m 226.342 ms - 485[0m
[0mGET / [32m200[0m 226.695 ms - 485[0m
[0mGET / [32m200[0m 226.419 ms - 485[0m
[0mGET / [32m200[0m 220.124 ms - 485[0m
[0mGET / [32m200[0m 226.384 ms - 485[0m
[0mGET / [32m200[0m 226.613 ms - 485[0m
[0mGET / [32m200[0m 226.738 ms - 485[0m
[0mGET / [32m200[0m 220.432 ms - 485[0m
[0mGET / [32m200[0m 226.661 ms - 485[0m
[0mGET / [32m200[0m 226.288 ms - 485[0m
[0mGET / [32m200[0m 226.551 ms - 485[0m
[0mGET / [32m200[0m 220.392 ms - 485[0m
[0mGET / [32m200[0m 226.524 ms - 485[0m
[0mGET / [32m200[0m 226.310 ms - 485[0m
[0mGET / [32m200[0m 226.457 ms - 485[0m
[0mGET / [32m200[0m 219.956 ms - 485[0m
[0mGET / [32m200[0m 226.491 ms - 485[0m
[0mGET / [32m200[0m 226.585 ms - 485[0m
[0mGET / [32m200[0m 226.571 ms - 485[0m
[0mGET / [32m200[0m 220.053 ms - 485[0m
[0mGET / [32m200[0m 226.572 ms - 485[0m
[0mGET / [32m200[0m 226.214 ms - 485[0m
[0mGET / [32m200[0m 226.957 ms - 485[0m
[0mGET / [32m200[0m 220.115 ms - 485[0m
[0mGET / [32m200[0m 226.581 ms - 485[0m
[0mGET / [32m200[0m 227.740 ms - 485[0m
[0mGET / [32m200[0m 227.460 ms - 485[0m
[0mGET / [32m200[0m 220.136 ms - 485[0m
[0mGET / [32m200[0m 226.442 ms - 485[0m
[0mGET / [32m200[0m 226.524 ms - 485[0m
[0mGET / [32m200[0m 226.447 ms - 485[0m
[0mGET / [32m200[0m 220.016 ms - 485[0m
[0mGET / [32m200[0m 226.483 ms - 485[0m
[0mGET / [32m200[0m 226.685 ms - 485[0m
[0mGET / [32m200[0m 226.726 ms - 485[0m
[0mGET / [32m200[0m 220.175 ms - 485[0m
[0mGET / [32m200[0m 226.608 ms - 485[0m
[0mGET / [32m200[0m 226.185 ms - 485[0m
[0mGET / [32m200[0m 226.484 ms - 485[0m
[0mGET / [32m200[0m 220.260 ms - 485[0m
[0mGET / [32m200[0m 226.417 ms - 485[0m
[0mGET / [32m200[0m 226.582 ms - 485[0m
[0mGET / [32m200[0m 226.633 ms - 485[0m
[0mGET / [32m200[0m 220.051 ms - 485[0m
[0mGET / [32m200[0m 226.366 ms - 485[0m
[0mGET / [32m200[0m 226.335 ms - 485[0m
[0mGET / [32m200[0m 226.395 ms - 485[0m
[0mGET / [32m200[0m 220.278 ms - 485[0m
[0mGET / [32m200[0m 226.411 ms - 485[0m
[0mGET / [32m200[0m 226.374 ms - 485[0m
[0mGET / [32m200[0m 226.421 ms - 485[0m
[0mGET / [32m200[0m 219.974 ms - 485[0m
[0mGET / [32m200[0m 226.374 ms - 485[0m
[0mGET / [32m200[0m 226.299 ms - 485[0m
[0mGET / [32m200[0m 226.355 ms - 485[0m
[0mGET / [32m200[0m 220.102 ms - 485[0m
[0mGET / [32m200[0m 226.417 ms - 485[0m
[0mGET / [32m200[0m 226.316 ms - 485[0m
[0mGET / [32m200[0m 226.359 ms - 485[0m
[0mGET / [32m200[0m 220.038 ms - 485[0m
[0mGET / [32m200[0m 226.489 ms - 485[0m
[0mGET / [32m200[0m 226.238 ms - 485[0m
[0mGET / [32m200[0m 226.709 ms - 485[0m
[0mGET / [32m200[0m 220.061 ms - 485[0m
[0mGET / [32m200[0m 226.430 ms - 485[0m
[0mGET / [32m200[0m 226.345 ms - 485[0m
[0mGET / [32m200[0m 226.358 ms - 485[0m
[0mGET / [32m200[0m 220.215 ms - 485[0m
[0mGET / [32m200[0m 226.430 ms - 485[0m
[0mGET / [32m200[0m 226.385 ms - 485[0m
[0mGET / [32m200[0m 226.436 ms - 485[0m
[0mGET / [32m200[0m 220.227 ms - 485[0m
[0mGET / [32m200[0m 226.332 ms - 485[0m
[0mGET / [32m200[0m 226.305 ms - 485[0m
[0mGET / [32m200[0m 226.350 ms - 485[0m
[0mGET / [32m200[0m 220.182 ms - 485[0m
[0mGET / [32m200[0m 226.672 ms - 485[0m
[0mGET / [32m200[0m 226.558 ms - 485[0m
[0mGET / [32m200[0m 226.608 ms - 485[0m
[0mGET / [32m200[0m 220.729 ms - 485[0m
[0mGET / [32m200[0m 226.450 ms - 485[0m
[0mGET / [32m200[0m 226.411 ms - 485[0m
[0mGET / [32m200[0m 226.464 ms - 485[0m
[0mGET / [32m200[0m 220.399 ms - 485[0m
[0mGET / [32m200[0m 226.428 ms - 485[0m
[0mGET / [32m200[0m 226.271 ms - 485[0m
[0mGET / [32m200[0m 226.397 ms - 485[0m
[0mGET / [32m200[0m 220.190 ms - 485[0m
[0mGET / [32m200[0m 226.512 ms - 485[0m
[0mGET / [32m200[0m 226.396 ms - 485[0m
[0mGET / [32m200[0m 226.445 ms - 485[0m
[0mGET / [32m200[0m 220.104 ms - 485[0m
[0mGET / [32m200[0m 226.379 ms - 485[0m
[0mGET / [32m200[0m 226.246 ms - 485[0m
[0mGET / [32m200[0m 226.299 ms - 485[0m
[0mGET / [32m200[0m 220.175 ms - 485[0m
[0mGET / [32m200[0m 226.539 ms - 485[0m
[0mGET / [32m200[0m 226.596 ms - 485[0m
[0mGET / [32m200[0m 226.728 ms - 485[0m
[0mGET / [32m200[0m 220.152 ms - 485[0m
[0mGET / [32m200[0m 226.387 ms - 485[0m
[0mGET / [32m200[0m 226.249 ms - 485[0m
[0mGET / [32m200[0m 226.537 ms - 485[0m
[0mGET / [32m200[0m 220.063 ms - 485[0m
[0mGET / [0m-[0m - ms - -[0m
[0mGET / [0m-[0m - ms - -[0m
[0mGET / [0m-[0m - ms - -[0m
[0mGET / [0m-[0m - ms - -[0m
[0mGET / [0m-[0m - ms - -[0m
[0mGET / [0m-[0m - ms - -[0m
[0mGET / [0m-[0m - ms - -[0m
[0mGET / [0m-[0m - ms - -[0m
[0mGET / [0m-[0m - ms - -[0m
[0mGET / [0m-[0m - ms - -[0m
[0mGET / [0m-[0m - ms - -[0m
[0mGET / [0m-[0m - ms - -[0m
[0mGET / [0m-[0m - ms - -[0m
[0mGET / [0m-[0m - ms - -[0m
[0mGET / [0m-[0m - ms - -[0m
[0mGET / [0m-[0m - ms - -[0m
[0mGET / [0m-[0m - ms - -[0m
[0mGET / [0m-[0m - ms - -[0m
[0mGET / [0m-[0m - ms - -[0m
[0mGET / [0m-[0m - ms - -[0m
[0mGET / [0m-[0m - ms - -[0m
[0mGET / [0m-[0m - ms - -[0m
[0mGET / [0m-[0m - ms - -[0m
[0mGET / [0m-[0m - ms - -[0m
[0mGET / [0m-[0m - ms - -[0m
[0mGET / [0m-[0m - ms - -[0m
[0mGET / [0m-[0m - ms - -[0m
[0mGET / [36m304[0m 926.804 ms - -[0m
[0mGET / [36m304[0m 965.994 ms - -[0m
[0mGET / [36m304[0m 878.131 ms - -[0m
[0mGET / [36m304[0m 901.347 ms - -[0m
[0mGET / [32m200[0m 1011.090 ms - 590[0m
[0mGET / [32m200[0m 1512.771 ms - 590[0m
[0mGET / [36m304[0m 971.811 ms - -[0m
[0mGET / [36m304[0m 242.992 ms - -[0m
[0mGET /getOne?id=1 [33m404[0m 0.803 ms - 145[0m
[0mGET /getOne?id=1 [32m200[0m 1174.588 ms - 1592[0m
[0mGET /getOne?id=1 [32m200[0m 1231.501 ms - 64[0m
[0mPUT /change?id=1&name=Wilson [0m-[0m - ms - -[0m
[0mPUT /change?id=1&name=Wilson [0m-[0m - ms - -[0m
[0mPUT /change?id=1&name=Wilson [32m200[0m 6.681 ms - 7[0m
[0mGET / [32m200[0m 215.056 ms - 591[0m
[0mGET / [32m200[0m 934.358 ms - 591[0m
[0mDELETE /delete?id=9 [32m200[0m 4.582 ms - 7[0m
[0mGET / [32m200[0m 863.600 ms - 546[0m
[0mGET / [32m200[0m 1474.129 ms - 546[0m
[0mGET / [36m304[0m 883.377 ms - -[0m
[0mGET / [32m200[0m 1310.612 ms - 546[0m
[0mPOST /post [32m200[0m 1.698 ms - 7[0m
[0mPOST /post [32m200[0m 0.898 ms - 7[0m
[0mPOST /post [32m200[0m 0.700 ms - 7[0m
[0mPOST /post [32m200[0m 5.441 ms - 7[0m
[0mPOST /post [32m200[0m 0.964 ms - 7[0m
[0mPOST /post [32m200[0m 12.316 ms - 7[0m
[0mGET / [32m200[0m 992.516 ms - 822[0m
[0mPOST /post [32m200[0m 13.760 ms - 7[0m
[0mGET / [32m200[0m 220.155 ms - 868[0m
[0mPOST /post?name= [32m200[0m 6.030 ms - 7[0m
[0mGET / [32m200[0m 947.483 ms - 943[0m
[0mGET /getOne?id=[object%20Object] [0m-[0m - ms - -[0m
[0mGET /getOne?id=${id} [0m-[0m - ms - -[0m
[0mGET /getOne?id=1 [32m200[0m 1193.573 ms - 65[0m
[0mGET /getOne?id=1 [36m304[0m 1286.749 ms - -[0m
[0mGET /getOne?id=1 [36m304[0m 1312.508 ms - -[0m
[0mGET /getOne?id=1 [36m304[0m 1226.870 ms - -[0m
[0mGET /getOne?id=1 [36m304[0m 1363.821 ms - -[0m
[0mPOST /login [0m-[0m - ms - -[0m
[0mPOST /login [0m-[0m - ms - -[0m
[0mPOST /login [0m-[0m - ms - -[0m
[0mPOST /login [0m-[0m - ms - -[0m
[0mPOST /login [0m-[0m - ms - -[0m
[0mPOST /login [0m-[0m - ms - -[0m
[0mPOST /login [0m-[0m - ms - -[0m
[0mPOST /login [32m200[0m 1140.887 ms - 151[0m
[0mPOST /login [32m200[0m 1184.406 ms - 151[0m
[0mPOST /login [32m200[0m 1163.086 ms - 151[0m
[0mPOST /login [32m200[0m 1152.344 ms - 151[0m
[0mPOST /login [32m200[0m 1288.449 ms - 151[0m
[0mPOST /login [32m200[0m 1164.656 ms - 151[0m
